<?xml version="1.0" encoding="UTF-8"?>
<testsuite xmlns:xsi="http://www.w3.org/2001/XMLSchema-instance" xsi:noNamespaceSchemaLocation="https://maven.apache.org/surefire/maven-surefire-plugin/xsd/surefire-test-report-3.0.xsd" version="3.0" name="org.lexusmanson.lexbudget.dao.test.AccountsDAOImplTest" time="0.246" tests="3" errors="0" skipped="0" failures="0">
  <properties>
[...]
</properties>
  <testcase name="nameMismatch" classname="org.lexusmanson.lexbudget.dao.test.AccountsDAOImplTest" time="0.183"/>
  <testcase name="updateUserTest" classname="org.lexusmanson.lexbudget.dao.test.AccountsDAOImplTest" time="0"/>
  <testcase name="newUserTest" classname="org.lexusmanson.lexbudget.dao.test.AccountsDAOImplTest" time="0.002"/>
</testsuite>